<?xml version="1.0" encoding="UTF-8"?>
<testng-results ignored="0" total="1" passed="1" failed="0" skipped="0">
  <reporter-output>
  </reporter-output>
  <suite started-at="2023-10-07T18:36:16 EDT" name="Suite" finished-at="2023-10-07T18:36:25 EDT" duration-ms="9426">
    <groups>
      <group name="cucumber">
        <method signature="AbstractTestNGCucumberTests.runScenario(io.cucumber.testng.PickleEventWrapper,io.cucumber.testng.CucumberFeatureWrapper)[pri:0, instance:com.cucumber.test.RunnerFile@60bd273d]" name="runScenario" class="io.cucumber.testng.AbstractTestNGCucumberTests"/>
      </group> <!-- cucumber -->
    </groups>
    <test started-at="2023-10-07T18:36:16 EDT" name="Test" finished-at="2023-10-07T18:36:25 EDT" duration-ms="9426">
      <class name="com.cucumber.test.RunnerFile">
        <test-method is-config="true" signature="setUpClass()[pri:0, instance:com.cucumber.test.RunnerFile@60bd273d]" started-at="2023-10-07T18:36:16 EDT" name="setUpClass" finished-at="2023-10-07T18:36:16 EDT" duration-ms="78" status="PASS">
          <reporter-output>
          </reporter-output>
        </test-method> <!-- setUpClass -->
        <test-method signature="runScenario(io.cucumber.testng.PickleEventWrapper,io.cucumber.testng.CucumberFeatureWrapper)[pri:0, instance:com.cucumber.test.RunnerFile@60bd273d]" started-at="2023-10-07T18:36:16 EDT" name="runScenario" description="Runs Cucumber Scenarios" data-provider="scenarios" finished-at="2023-10-07T18:36:25 EDT" duration-ms="9237" status="PASS">
          <params>
            <param index="0">
              <value>
                <![CDATA["As a google search user i can search iphone13"]]>
              </value>
            </param>
            <param index="1">
              <value>
                <![CDATA["check google search function"]]>
              </value>
            </param>
          </params>
          <reporter-output>
          </reporter-output>
        </test-method> <!-- runScenario -->
        <test-method is-config="true" signature="tearDownClass()[pri:0, instance:com.cucumber.test.RunnerFile@60bd273d]" started-at="2023-10-07T18:36:25 EDT" name="tearDownClass" finished-at="2023-10-07T18:36:25 EDT" duration-ms="35" status="PASS">
          <reporter-output>
          </reporter-output>
        </test-method> <!-- tearDownClass -->
      </class> <!-- com.cucumber.test.RunnerFile -->
    </test> <!-- Test -->
  </suite> <!-- Suite -->
</testng-results>
